<?xml version="1.0" encoding="UTF-8"?>
<testng-results skipped="0" failed="0" ignored="0" total="1" passed="1">
  <reporter-output>
  </reporter-output>
  <suite name="Default suite" duration-ms="6387" started-at="2021-01-06T08:21:52Z" finished-at="2021-01-06T08:21:58Z">
    <groups>
    </groups>
    <test name="Default test" duration-ms="6387" started-at="2021-01-06T08:21:52Z" finished-at="2021-01-06T08:21:58Z">
      <class name="in.magneticautomation.day1.FirstScript">
        <test-method status="PASS" signature="titleTest()[pri:0, instance:in.magneticautomation.day1.FirstScript@43c1b556]" name="titleTest" duration-ms="6285" started-at="2021-01-06T08:21:52Z" description="Title Test of Google" finished-at="2021-01-06T08:21:58Z">
          <reporter-output>
          </reporter-output>
        </test-method> <!-- titleTest -->
      </class> <!-- in.magneticautomation.day1.FirstScript -->
    </test> <!-- Default test -->
  </suite> <!-- Default suite -->
</testng-results>
